LDPlayer-2: Start Auto With Handle = 0x0002061A
LDPlayer-2: Tim thay menu 2:44:11 PM
LDPlayer-2: Ăn đan EXP 
LDPlayer-2: Da an het dan exp
LDPlayer-2: Mở rương boss
LDPlayer-2: Tim thay menu 2:45:09 PM
LDPlayer-2: Không tìm thấy mỏ thích hợp2:45:18 PM
LDPlayer-2: Tim thay menu 2:45:21 PM
LDPlayer-2: Tim thay menu 2:45:53 PM
LDPlayer-2: NV tien thuong con luot 2:46:03 PM
LDPlayer-2: Check nv cu da hoan thanh hay chua 2:46:05 PM
LDPlayer-2: Cho menu nv tien thuong xuat hien 2:46:08 PM
LDPlayer-2: NV TIEN THUONG BAT DAU 2:46:09 PM
LDPlayer-2: Cho 9 phut
LDPlayer-2: Nhan Thuong NV Tien Thuong2:55:13 PM
LDPlayer-2: Tim thay menu 2:55:18 PM
LDPlayer-2: Tim thay menu 2:55:51 PM
LDPlayer-2: Vô Lấy Thánh Vật2:55:58 PM
LDPlayer-2: Còn lượt khai thác2:56:09 PM
LDPlayer-2: Còn lượt khai thác2:56:31 PM
LDPlayer-2: Khai Thac2:56:39 PM
LDPlayer-2: Còn lượt khai thác2:56:56 PM
LDPlayer-2: Khai Thac2:57:07 PM
LDPlayer-2: 10. Hoàn thành lấy thánh vât...2:57:26 PM
LDPlayer-2: Tim kiem menu 
LDPlayer-2: Tim thay menu 2:57:31 PM
LDPlayer-2: Option 1
LDPlayer-2: Ho Tro Guild
LDPlayer-2: Tim thay menu 2:57:39 PM
LDPlayer-2: Tìm thấy mỏ dễ - cuốc trắng, chuẩn bị cướp 2:57:48 PM
LDPlayer-2: battle 2:57:54 PM
LDPlayer-2: Tim thay menu 2:58:20 PM
LDPlayer-2: 9. Hoan Thanh NV Tinh Anh....2:58:47 PM
LDPlayer-2: Tim kiem menu 
LDPlayer-2: Tim thay menu 2:58:50 PM
LDPlayer-2: Ăn đan EXP 
LDPlayer-2: Da an het dan exp
LDPlayer-2: Mở rương boss
LDPlayer-2: Tim thay menu 2:59:40 PM
LDPlayer-2: 6. DA HET LUOT NV TIEN THUONG....3:00:00 PM
LDPlayer-2: Tim kiem menu 
LDPlayer-2: Tim thay menu 3:00:05 PM
LDPlayer-2: Option 1
LDPlayer-2: Ho Tro Guild
LDPlayer-2: Tim thay menu 3:00:13 PM
LDPlayer-2: 4. DA HET LUOT CUOP MO....3:00:20 PM
LDPlayer-2: Tim kiem menu 
LDPlayer-2: Tim thay menu 3:00:25 PM
LDPlayer-2: Option 1
LDPlayer-2: Ho Tro Guild
LDPlayer-2: Tim thay menu 3:00:33 PM
LDPlayer-2: Option 1
LDPlayer-2: Ho Tro Guild
LDPlayer-2: Tim thay menu 3:00:41 PM
LDPlayer-2: Option 1
LDPlayer-2: Ho Tro Guild
LDPlayer-2: Tim thay menu 3:00:49 PM
LDPlayer-2: Option 1
LDPlayer-2: Ho Tro Guild
LDPlayer-2: Tim thay menu 3:00:57 PM
LDPlayer-2: Option 1
LDPlayer-2: Ho Tro Guild
LDPlayer-2: Tim thay menu 3:01:05 PM
LDPlayer-2: Option 1
LDPlayer-2: Ho Tro Guild
LDPlayer-2: Tim thay menu 3:01:13 PM
LDPlayer-2: Option 1
LDPlayer-2: Ho Tro Guild
LDPlayer-2: Tim thay menu 3:01:21 PM
LDPlayer-2: Option 1
LDPlayer-2: Ho Tro Guild
LDPlayer-2: Tim thay menu 3:01:29 PM
LDPlayer-2: Option 1
LDPlayer-2: Ho Tro Guild
LDPlayer-2: Tim kiem menu 
LDPlayer-2: Tim thay menu 3:01:38 PM
LDPlayer-2: Di Kalima 3:01:45 PM
LDPlayer-2: Bắt đầu 3:02:38 PM
LDPlayer-2: Ket Thuc Boss Kalima3:21:55 PM
LDPlayer-2: Tim kiem menu 
LDPlayer-2: Dang Trong Pho Ban .. Thoat 3:22:04 PM
LDPlayer-2: Tim thay menu 3:22:11 PM
LDPlayer-2: Option 1
LDPlayer-2: Ho Tro Guild
LDPlayer-2: Tim kiem menu 
LDPlayer-2: Tim thay menu 3:22:20 PM
LDPlayer-2: Di Kalima 3:22:27 PM
LDPlayer-2: Boss chưa hồi sinh 3:23:17 PM
LDPlayer-2: Tim kiem menu 
LDPlayer-2: Dang Trong Pho Ban .. Thoat 3:23:23 PM
LDPlayer-2: Tim thay menu 3:23:30 PM
LDPlayer-2: Option 1
LDPlayer-2: Ho Tro Guild
LDPlayer-2: Tim kiem menu 
LDPlayer-2: Tim thay menu 3:23:39 PM
LDPlayer-2: Di Kalima 3:23:46 PM
LDPlayer-2: Boss chưa hồi sinh 3:24:36 PM
LDPlayer-2: Tim kiem menu 
LDPlayer-2: Dang Trong Pho Ban .. Thoat 3:24:42 PM
LDPlayer-2: Tim thay menu 3:24:49 PM
LDPlayer-2: Option 1
LDPlayer-2: Ho Tro Guild
LDPlayer-2: Tim kiem menu 
LDPlayer-2: Tim thay menu 3:24:58 PM
LDPlayer-2: Di Kalima 3:25:05 PM
LDPlayer-2: Boss chưa hồi sinh 3:25:55 PM
LDPlayer-2: Tim kiem menu 
LDPlayer-2: Dang Trong Pho Ban .. Thoat 3:26:01 PM
LDPlayer-2: Tim thay menu 3:26:08 PM
LDPlayer-2: Option 1
LDPlayer-2: Ho Tro Guild
LDPlayer-2: Tim kiem menu 
LDPlayer-2: Tim thay menu 3:26:17 PM
LDPlayer-2: Di Kalima 3:26:24 PM
LDPlayer-2: Boss chưa hồi sinh 3:27:13 PM
LDPlayer-2: Tim kiem menu 
LDPlayer-2: Dang Trong Pho Ban .. Thoat 3:27:20 PM
LDPlayer-2: Tim thay menu 3:27:27 PM
LDPlayer-2: Option 1
LDPlayer-2: Ho Tro Guild
LDPlayer-2: Tim kiem menu 
LDPlayer-2: Tim thay menu 3:27:36 PM
LDPlayer-2: Di Kalima 3:27:43 PM
LDPlayer-2: Boss chưa hồi sinh 3:28:32 PM
LDPlayer-2: Tim kiem menu 
LDPlayer-2: Dang Trong Pho Ban .. Thoat 3:28:39 PM
LDPlayer-2: Tim thay menu 3:28:46 PM
LDPlayer-2: Option 1
LDPlayer-2: Ho Tro Guild
LDPlayer-2: Tim kiem menu 
LDPlayer-2: Tim thay menu 3:28:55 PM
LDPlayer-2: Di Kalima 3:29:02 PM
LDPlayer-2: Boss chưa hồi sinh 3:29:51 PM
LDPlayer-2: Tim kiem menu 
LDPlayer-2: Dang Trong Pho Ban .. Thoat 3:29:58 PM
LDPlayer-2: Tim thay menu 3:30:05 PM
LDPlayer-2: Option 1
LDPlayer-2: Ho Tro Guild
LDPlayer-2: Tim kiem menu 
LDPlayer-2: Tim thay menu 3:30:14 PM
LDPlayer-2: Di Kalima 3:30:21 PM
LDPlayer-2: Boss chưa hồi sinh 3:31:10 PM
LDPlayer-2: Tim kiem menu 
LDPlayer-2: Dang Trong Pho Ban .. Thoat 3:31:17 PM
LDPlayer-2: Tim thay menu 3:31:24 PM
LDPlayer-2: Option 1
LDPlayer-2: Ho Tro Guild
LDPlayer-2: Tim kiem menu 
LDPlayer-2: Tim thay menu 3:31:33 PM
LDPlayer-2: Di Kalima 3:31:40 PM
LDPlayer-2: Boss chưa hồi sinh 3:32:29 PM
LDPlayer-2: Tim kiem menu 
LDPlayer-2: Dang Trong Pho Ban .. Thoat 3:32:36 PM
LDPlayer-2: Tim thay menu 3:32:43 PM
LDPlayer-2: Option 1
LDPlayer-2: Ho Tro Guild
LDPlayer-2: Tim kiem menu 
LDPlayer-2: Tim thay menu 3:32:52 PM
LDPlayer-2: Di Kalima 3:32:59 PM
LDPlayer-2: Boss chưa hồi sinh 3:33:48 PM
LDPlayer-2: Tim kiem menu 
LDPlayer-2: Dang Trong Pho Ban .. Thoat 3:33:54 PM
LDPlayer-2: Tim thay menu 3:34:01 PM
LDPlayer-2: Option 1
LDPlayer-2: Ho Tro Guild
LDPlayer-2: Tim kiem menu 
LDPlayer-2: Tim thay menu 3:34:11 PM
LDPlayer-2: Di Kalima 3:34:18 PM
LDPlayer-2: Boss chưa hồi sinh 3:35:07 PM
LDPlayer-2: Tim kiem menu 
LDPlayer-2: Dang Trong Pho Ban .. Thoat 3:35:13 PM
LDPlayer-2: Tim thay menu 3:35:20 PM
LDPlayer-2: Option 1
LDPlayer-2: Ho Tro Guild
LDPlayer-2: Tim kiem menu 
LDPlayer-2: Tim thay menu 3:35:30 PM
LDPlayer-2: Di Kalima 3:35:37 PM
LDPlayer-2: Boss chưa hồi sinh 3:36:26 PM
LDPlayer-2: Tim kiem menu 
LDPlayer-2: Dang Trong Pho Ban .. Thoat 3:36:32 PM
LDPlayer-2: Tim thay menu 3:36:39 PM
LDPlayer-2: Option 1
LDPlayer-2: Ho Tro Guild
LDPlayer-2: Tim kiem menu 
LDPlayer-2: Tim thay menu 3:36:49 PM
LDPlayer-2: Di Kalima 3:36:56 PM
LDPlayer-2: Boss chưa hồi sinh 3:37:45 PM
LDPlayer-2: Tim kiem menu 
LDPlayer-2: Dang Trong Pho Ban .. Thoat 3:37:51 PM
LDPlayer-2: Tim thay menu 3:37:58 PM
LDPlayer-2: Option 1
LDPlayer-2: Ho Tro Guild
LDPlayer-2: Tim kiem menu 
LDPlayer-2: Tim thay menu 3:38:08 PM
LDPlayer-2: Di Kalima 3:38:15 PM
LDPlayer-2: Boss chưa hồi sinh 3:39:04 PM
LDPlayer-2: Tim kiem menu 
LDPlayer-2: Dang Trong Pho Ban .. Thoat 3:39:10 PM
LDPlayer-2: Tim thay menu 3:39:17 PM
LDPlayer-2: Option 1
LDPlayer-2: Ho Tro Guild
LDPlayer-2: Tim kiem menu 
LDPlayer-2: Tim thay menu 3:39:27 PM
LDPlayer-2: Di Kalima 3:39:34 PM
LDPlayer-2: Boss chưa hồi sinh 3:40:23 PM
LDPlayer-2: Tim kiem menu 
LDPlayer-2: Dang Trong Pho Ban .. Thoat 3:40:29 PM
LDPlayer-2: Tim thay menu 3:40:36 PM
LDPlayer-2: Option 1
LDPlayer-2: Ho Tro Guild
LDPlayer-2: Tim kiem menu 
LDPlayer-2: Tim thay menu 3:40:46 PM
LDPlayer-2: Di Kalima 3:40:53 PM
LDPlayer-2: Boss chưa hồi sinh 3:41:42 PM
LDPlayer-2: Tim kiem menu 
LDPlayer-2: Dang Trong Pho Ban .. Thoat 3:41:48 PM
LDPlayer-2: Tim thay menu 3:41:55 PM
LDPlayer-2: Option 1
LDPlayer-2: Ho Tro Guild
LDPlayer-2: Tim kiem menu 
LDPlayer-2: Tim thay menu 3:42:05 PM
LDPlayer-2: Di Kalima 3:42:12 PM
LDPlayer-2: Boss chưa hồi sinh 3:43:01 PM
LDPlayer-2: Tim kiem menu 
LDPlayer-2: Dang Trong Pho Ban .. Thoat 3:43:07 PM
LDPlayer-2: Tim thay menu 3:43:14 PM
LDPlayer-2: Option 1
LDPlayer-2: Ho Tro Guild
LDPlayer-2: Tim kiem menu 
LDPlayer-2: Tim thay menu 3:43:24 PM
LDPlayer-2: Di Kalima 3:43:31 PM
LDPlayer-2: Boss chưa hồi sinh 3:44:20 PM
LDPlayer-2: Tim kiem menu 
LDPlayer-2: Dang Trong Pho Ban .. Thoat 3:44:26 PM
LDPlayer-2: Tim thay menu 3:44:33 PM
LDPlayer-2: Option 1
