LDPlayer: Start Auto With Handle = 0x00120068
LDPlayer: Tim thay menu 1:05:16 AM
LDPlayer: Ho Tro Guild
LDPlayer: Tim kiem menu 
LDPlayer: Tim thay menu 1:05:25 AM
LDPlayer: Vo boss TG1:05:31 AM
LDPlayer: Boss Top 2 San Sang1:05:38 AM
LDPlayer: Vo PB Boss The Gioi1:05:43 AM
LDPlayer: Ket Thuc Boss TG1:07:19 AM
LDPlayer: Tim thay menu 1:07:21 AM
LDPlayer: 17. Hoan Thanh Boss Chien Truong...1:07:34 AM
LDPlayer: Tim thay menu 1:07:39 AM
LDPlayer: Ho Tro Guild
LDPlayer: Tim kiem menu 
LDPlayer: Tim thay menu 1:07:48 AM
LDPlayer: Vo boss TG1:07:54 AM
LDPlayer: Boss chua hoi sinh1:08:01 AM
LDPlayer: Tim kiem menu 
LDPlayer: Tim thay menu 1:08:10 AM
LDPlayer: Ho Tro Guild
LDPlayer: Tim kiem menu 
LDPlayer: Tim thay menu 1:08:19 AM
LDPlayer: Vo boss TG1:08:26 AM
LDPlayer: Boss chua hoi sinh1:08:32 AM
LDPlayer: Tim kiem menu 
LDPlayer: Tim thay menu 1:08:42 AM
LDPlayer: Ho Tro Guild
LDPlayer: Tim kiem menu 
LDPlayer: Tim thay menu 1:08:51 AM
LDPlayer: Vo boss TG1:08:58 AM
LDPlayer: Boss chua hoi sinh1:09:04 AM
LDPlayer: Tim kiem menu 
LDPlayer: Tim thay menu 1:09:14 AM
LDPlayer: Ho Tro Guild
LDPlayer: Tim kiem menu 
LDPlayer: Tim thay menu 1:09:23 AM
LDPlayer: Vo boss TG1:09:29 AM
LDPlayer: Boss chua hoi sinh1:09:36 AM
LDPlayer: Tim kiem menu 
LDPlayer: Tim thay menu 1:09:45 AM
LDPlayer: Ho Tro Guild
LDPlayer: Tim kiem menu 
LDPlayer: Tim thay menu 1:09:54 AM
LDPlayer: Vo boss TG1:10:01 AM
