NoxPlayer(1): Start Auto With Handle = 0x00070520
NoxPlayer(1): Update name
NoxPlayer(1): Tim thay menu 10:19:07 PM
NoxPlayer(1): Tim thay menu 10:19:18 PM
NoxPlayer(1): 2. DA HET LUOT HUYEN CANH....10:19:23 PM
NoxPlayer(1): Menu san sang 
NoxPlayer(1): 3. DA HET LUOT BLOOD....10:19:31 PM
NoxPlayer(1): Menu san sang 
NoxPlayer(1): 4. DA HET LUOT CUOP MO....10:19:39 PM
NoxPlayer(1): Menu san sang 
NoxPlayer(1): Click Toi Ngay Boss 10:19:51 PM
NoxPlayer(1): Het Luot 10:19:55 PM
NoxPlayer(1): 5. DA HET LUOT BOSS CA NHAN....10:19:55 PM
NoxPlayer(1): Tim thay menu 10:19:59 PM
NoxPlayer(1): 6. DA HET LUOT NV TIEN THUONG....10:20:15 PM
NoxPlayer(1): Menu san sang 
NoxPlayer(1): 7. Hoan Thanh Train Quai....10:20:24 PM
NoxPlayer(1): Tim thay menu 10:20:28 PM
NoxPlayer(1): 8. Hoan Thanh NV Guide....10:21:05 PM
NoxPlayer(1): Tim thay menu 10:21:08 PM
NoxPlayer(1): 9. Hoan Thanh NV Tinh Anh....10:21:32 PM
NoxPlayer(1): Menu san sang 
NoxPlayer(1): 10. Hoan Thanh Lay Thanh Vat...10:21:46 PM
NoxPlayer(1): Menu san sang 
NoxPlayer(1): Het Thoi Gian Vao Devil Square....10:21:54 PM
NoxPlayer(1): Menu san sang 
NoxPlayer(1): Khong trong thoi gian Ho Tong 21h -> 22h10:21:59 PM
NoxPlayer(1): Khong the ho tong luc nay10:21:59 PM
NoxPlayer(1): Tim kiem menu 
NoxPlayer(1): Tim thay menu 10:22:05 PM
NoxPlayer(1): Ho Tro Guild
NoxPlayer(1): Tim kiem menu 
NoxPlayer(1): Tim thay menu 10:22:19 PM
NoxPlayer(1): 16. Hoan Thanh Boss The Gioi...10:22:36 PM
NoxPlayer(1): Menu san sang 
NoxPlayer(1): 17. Hoan Thanh Boss Chien Truong...10:22:50 PM
NoxPlayer(1): Tim kiem menu 
NoxPlayer(1): Tim thay menu 10:23:02 PM
