NoxPlayer: Start Auto With Handle = 0x00170B6A
NoxPlayer: Tim kiem menu 
NoxPlayer: Tim thay menu 1:06:37 AM
NoxPlayer: Ho Tro Guild
NoxPlayer: Ho Tro Boss The Gioi
NoxPlayer: Vo PB Boss TG
NoxPlayer: Tim thay menu 1:07:25 AM
NoxPlayer: Vo boss TG1:07:31 AM
NoxPlayer: Boss chua hoi sinh1:07:37 AM
NoxPlayer: Tim kiem menu 
NoxPlayer: Tim thay menu 1:07:47 AM
NoxPlayer: Ho Tro Guild
NoxPlayer: Tim kiem menu 
NoxPlayer: Tim thay menu 1:07:56 AM
NoxPlayer: Vo boss TG1:08:01 AM
NoxPlayer: Boss chua hoi sinh1:08:07 AM
NoxPlayer: Tim kiem menu 
NoxPlayer: Tim thay menu 1:08:17 AM
NoxPlayer: Ho Tro Guild
NoxPlayer: Tim kiem menu 
NoxPlayer: Tim thay menu 1:08:26 AM
NoxPlayer: Vo boss TG1:08:32 AM
NoxPlayer: Boss Top 1 San Sang1:08:37 AM
NoxPlayer: Vo PB Boss The Gioi1:08:42 AM
