NoxPlayer(2): Start Auto With Handle = 0x000104C0
NoxPlayer(2): Update name
NoxPlayer(2): Tim kiem menu 
NoxPlayer(2): Dang Trong Pho Ban .. Thoat 7:55:53 PM
NoxPlayer(2): Tim thay menu 7:56:00 PM
NoxPlayer(2): Tim thay menu 7:56:11 PM
NoxPlayer(2): Vao Tu Hoi Guild 7:56:18 PM
NoxPlayer(2): Truyen Cong7:56:27 PM
NoxPlayer(2): Cho 10 phut ket thuc boss guild
NoxPlayer(2): Tim kiem menu 
NoxPlayer(2): Dang Trong Pho Ban .. Thoat 8:12:12 PM
NoxPlayer(2): Tim thay menu 8:12:19 PM
NoxPlayer(2): 8. Hoan Thanh NV Guide....8:12:56 PM
NoxPlayer(2): Tim thay menu 8:12:59 PM
NoxPlayer(2): 9. Hoan Thanh NV Tinh Anh....8:13:23 PM
NoxPlayer(2): Tim kiem menu 
NoxPlayer(2): Tim thay menu 8:13:29 PM
NoxPlayer(2): Ho Tro Guild
NoxPlayer(2): Ho Tro Cuop Mo
NoxPlayer(2): Tim thay menu 8:14:04 PM
NoxPlayer(2): Ho Tro Guild
NoxPlayer(2): Ho Tro Cuop Mo
NoxPlayer(2): Tim thay menu 8:14:37 PM
NoxPlayer(2): Thay Balo
NoxPlayer(2): Da an het dan exp
NoxPlayer(2): Tim thay menu 8:14:43 PM
NoxPlayer(2): Di treo may
NoxPlayer(2): Tim thay menu 8:15:18 PM
NoxPlayer(2): Ho Tro Guild
NoxPlayer(2): Ho Tro Cuop Mo
NoxPlayer(2): Tim thay menu 8:15:55 PM
NoxPlayer(2): Ho Tro Guild
NoxPlayer(2): Ho Tro Cuop Mo
NoxPlayer(2): Tim thay menu 8:16:31 PM
NoxPlayer(2): Ho Tro Guild
NoxPlayer(2): Ho Tro Cuop Mo
NoxPlayer(2): Tim thay menu 8:17:08 PM
NoxPlayer(2): Ho Tro Guild
NoxPlayer(2): Ho Tro Cuop Mo
NoxPlayer(2): Tim thay menu 8:17:45 PM
NoxPlayer(2): Ho Tro Guild
NoxPlayer(2): Ho Tro Cuop Mo
NoxPlayer(2): Tim thay menu 8:18:21 PM
NoxPlayer(2): Ho Tro Guild
NoxPlayer(2): Ho Tro Cuop Mo
NoxPlayer(2): Tim thay menu 8:18:57 PM
NoxPlayer(2): Ho Tro Guild
NoxPlayer(2): Ho Tro Cuop Mo
NoxPlayer(2): Tim thay menu 8:19:34 PM
NoxPlayer(2): Ho Tro Guild
NoxPlayer(2): Ho Tro Cuop Mo
NoxPlayer(2): Tim thay menu 8:20:10 PM
NoxPlayer(2): Ho Tro Guild
NoxPlayer(2): Ho Tro Cuop Mo
NoxPlayer(2): Tim thay menu 8:20:47 PM
NoxPlayer(2): Ho Tro Guild
NoxPlayer(2): Ho Tro Cuop Mo
NoxPlayer(2): Tim thay menu 8:21:24 PM
NoxPlayer(2): Ho Tro Guild
NoxPlayer(2): Ho Tro Cuop Mo
NoxPlayer(2): Tim thay menu 8:22:00 PM
NoxPlayer(2): Ho Tro Guild
NoxPlayer(2): Ho Tro Cuop Mo
NoxPlayer(2): Tim thay menu 8:22:37 PM
NoxPlayer(2): Ho Tro Guild
NoxPlayer(2): Ho Tro Cuop Mo
NoxPlayer(2): Tim thay menu 8:23:13 PM
NoxPlayer(2): Ho Tro Guild
NoxPlayer(2): Ho Tro Cuop Mo
NoxPlayer(2): Tim thay menu 8:23:50 PM
NoxPlayer(2): Ho Tro Guild
NoxPlayer(2): Ho Tro Cuop Mo
NoxPlayer(2): Tim thay menu 8:24:27 PM
NoxPlayer(2): Ho Tro Guild
NoxPlayer(2): Ho Tro Cuop Mo
NoxPlayer(2): Tim thay menu 8:25:03 PM
NoxPlayer(2): Ho Tro Guild
NoxPlayer(2): Ho Tro Cuop Mo
NoxPlayer(2): Tim thay menu 8:25:40 PM
NoxPlayer(2): Ho Tro Guild
NoxPlayer(2): Tim thay menu 8:26:14 PM
NoxPlayer(2): Ho Tro Guild
NoxPlayer(2): Tim thay menu 8:26:49 PM
NoxPlayer(2): Ho Tro Guild
NoxPlayer(2): Tim thay menu 8:27:24 PM
NoxPlayer(2): Ho Tro Guild
NoxPlayer(2): Tim thay menu 8:27:59 PM
NoxPlayer(2): Ho Tro Guild
NoxPlayer(2): Tim thay menu 8:28:33 PM
NoxPlayer(2): Ho Tro Guild
NoxPlayer(2): Tim thay menu 8:29:07 PM
NoxPlayer(2): Ho Tro Guild
NoxPlayer(2): Tim thay menu 8:29:41 PM
NoxPlayer(2): Ho Tro Guild
NoxPlayer(2): Tim kiem menu 
NoxPlayer(2): Tim thay menu 8:30:14 PM
NoxPlayer(2): Ho Tro Guild
NoxPlayer(2): Tim thay menu 8:30:49 PM
NoxPlayer(2): Ho Tro Guild
NoxPlayer(2): Het Thoi Gian Phao Dai....8:31:27 PM
NoxPlayer(2): Tim thay menu 8:31:29 PM
NoxPlayer(2): Ho Tro Guild
NoxPlayer(2): Tim thay menu 8:31:43 PM
NoxPlayer(2): Ho Tro Guild
NoxPlayer(2): Tim thay menu 8:32:18 PM
NoxPlayer(2): Ho Tro Guild
NoxPlayer(2): Tim thay menu 8:32:51 PM
NoxPlayer(2): Ho Tro Guild
NoxPlayer(2): Tim thay menu 8:33:26 PM
NoxPlayer(2): Ho Tro Guild
NoxPlayer(2): Tim thay menu 8:34:00 PM
NoxPlayer(2): Ho Tro Guild
NoxPlayer(2): Tim thay menu 8:34:34 PM
NoxPlayer(2): Ho Tro Guild
NoxPlayer(2): Tim thay menu 8:35:08 PM
NoxPlayer(2): Ho Tro Guild
NoxPlayer(2): Tim thay menu 8:35:43 PM
NoxPlayer(2): Ho Tro Guild
NoxPlayer(2): Tim thay menu 8:36:17 PM
NoxPlayer(2): Ho Tro Guild
NoxPlayer(2): Tim thay menu 8:36:51 PM
NoxPlayer(2): Ho Tro Guild
NoxPlayer(2): Tim thay menu 8:37:25 PM
NoxPlayer(2): Ho Tro Guild
NoxPlayer(2): Tim thay menu 8:37:59 PM
NoxPlayer(2): Ho Tro Guild
NoxPlayer(2): Tim thay menu 8:38:33 PM
NoxPlayer(2): Ho Tro Guild
NoxPlayer(2): Tim thay menu 8:39:08 PM
NoxPlayer(2): Ho Tro Guild
NoxPlayer(2): Tim thay menu 8:39:42 PM
NoxPlayer(2): Ho Tro Guild
NoxPlayer(2): Tim thay menu 8:40:16 PM
NoxPlayer(2): Ho Tro Guild
NoxPlayer(2): Auto Vong 50 bat dau
NoxPlayer(2): Tim thay menu 8:40:50 PM
NoxPlayer(2): Ho Tro Guild
NoxPlayer(2): Tim thay menu 8:41:24 PM
NoxPlayer(2): Ho Tro Guild
NoxPlayer(2): Tim thay menu 8:41:58 PM
NoxPlayer(2): Ho Tro Guild
NoxPlayer(2): Tim thay menu 8:42:32 PM
NoxPlayer(2): Ho Tro Guild
NoxPlayer(2): Tim thay menu 8:43:07 PM
NoxPlayer(2): Ho Tro Guild
NoxPlayer(2): Tim thay menu 8:43:41 PM
NoxPlayer(2): Ho Tro Guild
NoxPlayer(2): Tim thay menu 8:44:16 PM
NoxPlayer(2): Ho Tro Guild
NoxPlayer(2): Tim thay menu 8:44:51 PM
NoxPlayer(2): Ho Tro Guild
NoxPlayer(2): Tim thay menu 8:45:25 PM
NoxPlayer(2): Ho Tro Guild
NoxPlayer(2): Tim thay menu 8:46:00 PM
NoxPlayer(2): Ho Tro Guild
